# JRE version: Java(TM) SE Runtime Environment (11.0.5+10) (build 11.0.5+10-LTS)
# Java VM: Java HotSpot(TM) 64-Bit Server VM (11.0.5+10-LTS, mixed mode, tiered, compressed oops, g1 gc, windows-amd64)
Heap:
 garbage-first heap   total 262144K, used 51974K [0x00000000e0000000, 0x0000000100000000)
  region size 1024K, 31 young (31744K), 14 survivors (14336K)
 Metaspace       used 55162K, capacity 56923K, committed 57216K, reserved 303104K
  class space    used 7322K, capacity 7956K, committed 8064K, reserved 253952K
GC Heap History (10 events):
Event: 55.523 GC heap before
{Heap before GC invocations=1 (full 0):
 garbage-first heap   total 262144K, used 113813K [0x00000000e0000000, 0x0000000100000000)
  region size 1024K, 105 young (107520K), 3 survivors (3072K)
 Metaspace       used 20758K, capacity 21095K, committed 21248K, reserved 272384K
  class space    used 2549K, capacity 2711K, committed 2816K, reserved 253952K
}
Event: 55.538 GC heap after
{Heap after GC invocations=2 (full 0):
 garbage-first heap   total 262144K, used 16826K [0x00000000e0000000, 0x0000000100000000)
  region size 1024K, 11 young (11264K), 11 survivors (11264K)
 Metaspace       used 20758K, capacity 21095K, committed 21248K, reserved 272384K
  class space    used 2549K, capacity 2711K, committed 2816K, reserved 253952K
}
Event: 60.441 GC heap before
{Heap before GC invocations=3 (full 0):
 garbage-first heap   total 262144K, used 65978K [0x00000000e0000000, 0x0000000100000000)
  region size 1024K, 59 young (60416K), 11 survivors (11264K)
 Metaspace       used 25781K, capacity 26370K, committed 26624K, reserved 278528K
  class space    used 3355K, capacity 3581K, committed 3584K, reserved 253952K
}
Event: 60.517 GC heap after
{Heap after GC invocations=4 (full 0):
 garbage-first heap   total 262144K, used 18901K [0x00000000e0000000, 0x0000000100000000)
  region size 1024K, 3 young (3072K), 3 survivors (3072K)
 Metaspace       used 25781K, capacity 26370K, committed 26624K, reserved 278528K
  class space    used 3355K, capacity 3581K, committed 3584K, reserved 253952K
}
Event: 71.581 GC heap before
{Heap before GC invocations=4 (full 0):
 garbage-first heap   total 262144K, used 89557K [0x00000000e0000000, 0x0000000100000000)
  region size 1024K, 73 young (74752K), 3 survivors (3072K)
 Metaspace       used 34920K, capacity 35746K, committed 35840K, reserved 286720K
  class space    used 4559K, capacity 4903K, committed 4992K, reserved 253952K
}
Event: 71.690 GC heap after
{Heap after GC invocations=5 (full 0):
 garbage-first heap   total 262144K, used 21859K [0x00000000e0000000, 0x0000000100000000)
  region size 1024K, 6 young (6144K), 6 survivors (6144K)
 Metaspace       used 34920K, capacity 35746K, committed 35840K, reserved 286720K
  class space    used 4559K, capacity 4903K, committed 4992K, reserved 253952K
}
Event: 80.800 GC heap before
{Heap before GC invocations=6 (full 0):
 garbage-first heap   total 262144K, used 129379K [0x00000000e0000000, 0x0000000100000000)
  region size 1024K, 108 young (110592K), 6 survivors (6144K)
 Metaspace       used 44934K, capacity 45909K, committed 46080K, reserved 294912K
  class space    used 5753K, capacity 6127K, committed 6144K, reserved 253952K
}
Event: 80.819 GC heap after
{Heap after GC invocations=7 (full 0):
 garbage-first heap   total 262144K, used 29666K [0x00000000e0000000, 0x0000000100000000)
  region size 1024K, 13 young (13312K), 13 survivors (13312K)
 Metaspace       used 44934K, capacity 45909K, committed 46080K, reserved 294912K
  class space    used 5753K, capacity 6127K, committed 6144K, reserved 253952K
}
Event: 87.675 GC heap before
{Heap before GC invocations=7 (full 0):
 garbage-first heap   total 262144K, used 161762K [0x00000000e0000000, 0x0000000100000000)
  region size 1024K, 142 young (145408K), 13 survivors (13312K)
 Metaspace       used 54470K, capacity 56011K, committed 56192K, reserved 303104K
  class space    used 7201K, capacity 7801K, committed 7808K, reserved 253952K
}
Event: 87.806 GC heap after
{Heap after GC invocations=8 (full 0):
 garbage-first heap   total 262144K, used 35590K [0x00000000e0000000, 0x0000000100000000)
  region size 1024K, 14 young (14336K), 14 survivors (14336K)
 Metaspace       used 54470K, capacity 56011K, committed 56192K, reserved 303104K
  class space    used 7201K, capacity 7801K, committed 7808K, reserved 253952K
}

