# JRE version: Java(TM) SE Runtime Environment (11.0.5+10) (build 11.0.5+10-LTS)
# Java VM: Java HotSpot(TM) 64-Bit Server VM (11.0.5+10-LTS, mixed mode, tiered, compressed oops, g1 gc, windows-amd64)
Heap:
 garbage-first heap   total 65536K, used 17972K [0x00000000c1600000, 0x0000000100000000)
  region size 1024K, 6 young (6144K), 3 survivors (3072K)
 Metaspace       used 42646K, capacity 43751K, committed 43904K, reserved 1087488K
  class space    used 4998K, capacity 5449K, committed 5504K, reserved 1048576K
GC Heap History (10 events):
Event: 7.405 GC heap before
{Heap before GC invocations=6 (full 0):
 garbage-first heap   total 65536K, used 45827K [0x00000000c1600000, 0x0000000100000000)
  region size 1024K, 38 young (38912K), 2 survivors (2048K)
 Metaspace       used 28034K, capacity 28824K, committed 28928K, reserved 1075200K
  class space    used 3190K, capacity 3486K, committed 3584K, reserved 1048576K
}
Event: 7.416 GC heap after
{Heap after GC invocations=7 (full 0):
 garbage-first heap   total 65536K, used 10565K [0x00000000c1600000, 0x0000000100000000)
  region size 1024K, 3 young (3072K), 3 survivors (3072K)
 Metaspace       used 28034K, capacity 28824K, committed 28928K, reserved 1075200K
  class space    used 3190K, capacity 3486K, committed 3584K, reserved 1048576K
}
Event: 9.646 GC heap before
{Heap before GC invocations=7 (full 0):
 garbage-first heap   total 65536K, used 46405K [0x00000000c1600000, 0x0000000100000000)
  region size 1024K, 38 young (38912K), 3 survivors (3072K)
 Metaspace       used 34584K, capacity 35557K, committed 35712K, reserved 1081344K
  class space    used 4036K, capacity 4446K, committed 4480K, reserved 1048576K
}
Event: 9.665 GC heap after
{Heap after GC invocations=8 (full 0):
 garbage-first heap   total 65536K, used 13521K [0x00000000c1600000, 0x0000000100000000)
  region size 1024K, 5 young (5120K), 5 survivors (5120K)
 Metaspace       used 34584K, capacity 35557K, committed 35712K, reserved 1081344K
  class space    used 4036K, capacity 4446K, committed 4480K, reserved 1048576K
}
Event: 9.715 GC heap before
{Heap before GC invocations=8 (full 0):
 garbage-first heap   total 65536K, used 46289K [0x00000000c1600000, 0x0000000100000000)
  region size 1024K, 38 young (38912K), 5 survivors (5120K)
 Metaspace       used 34672K, capacity 35685K, committed 35840K, reserved 1081344K
  class space    used 4043K, capacity 4446K, committed 4480K, reserved 1048576K
}
Event: 9.732 GC heap after
{Heap after GC invocations=9 (full 0):
 garbage-first heap   total 65536K, used 14236K [0x00000000c1600000, 0x0000000100000000)
  region size 1024K, 1 young (1024K), 1 survivors (1024K)
 Metaspace       used 34672K, capacity 35685K, committed 35840K, reserved 1081344K
  class space    used 4043K, capacity 4446K, committed 4480K, reserved 1048576K
}
Event: 9.910 GC heap before
{Heap before GC invocations=9 (full 0):
 garbage-first heap   total 65536K, used 20380K [0x00000000c1600000, 0x0000000100000000)
  region size 1024K, 9 young (9216K), 1 survivors (1024K)
 Metaspace       used 34736K, capacity 35749K, committed 35840K, reserved 1081344K
  class space    used 4048K, capacity 4446K, committed 4480K, reserved 1048576K
}
Event: 9.914 GC heap after
{Heap after GC invocations=10 (full 0):
 garbage-first heap   total 65536K, used 13630K [0x00000000c1600000, 0x0000000100000000)
  region size 1024K, 1 young (1024K), 1 survivors (1024K)
 Metaspace       used 34736K, capacity 35749K, committed 35840K, reserved 1081344K
  class space    used 4048K, capacity 4446K, committed 4480K, reserved 1048576K
}
Event: 11.113 GC heap before
{Heap before GC invocations=11 (full 0):
 garbage-first heap   total 65536K, used 48446K [0x00000000c1600000, 0x0000000100000000)
  region size 1024K, 35 young (35840K), 1 survivors (1024K)
 Metaspace       used 41896K, capacity 42981K, committed 43136K, reserved 1087488K
  class space    used 4928K, capacity 5384K, committed 5504K, reserved 1048576K
}
Event: 11.120 GC heap after
{Heap after GC invocations=12 (full 0):
 garbage-first heap   total 65536K, used 15924K [0x00000000c1600000, 0x0000000100000000)
  region size 1024K, 3 young (3072K), 3 survivors (3072K)
 Metaspace       used 41896K, capacity 42981K, committed 43136K, reserved 1087488K
  class space    used 4928K, capacity 5384K, committed 5504K, reserved 1048576K
}

