# JRE version: Java(TM) SE Runtime Environment (11.0.5+10) (build 11.0.5+10-LTS)
# Java VM: Java HotSpot(TM) 64-Bit Server VM (11.0.5+10-LTS, mixed mode, tiered, compressed oops, g1 gc, windows-amd64)
Heap:
 garbage-first heap   total 262144K, used 46028K [0x00000000e0000000, 0x0000000100000000)
  region size 1024K, 26 young (26624K), 17 survivors (17408K)
 Metaspace       used 55417K, capacity 57184K, committed 57472K, reserved 305152K
  class space    used 7367K, capacity 8000K, committed 8064K, reserved 253952K
GC Heap History (10 events):
Event: 14.941 GC heap before
{Heap before GC invocations=0 (full 0):
 garbage-first heap   total 262144K, used 29696K [0x00000000e0000000, 0x0000000100000000)
  region size 1024K, 24 young (24576K), 0 survivors (0K)
 Metaspace       used 10114K, capacity 10278K, committed 10368K, reserved 264192K
  class space    used 1057K, capacity 1107K, committed 1152K, reserved 253952K
}
Event: 14.948 GC heap after
{Heap after GC invocations=1 (full 0):
 garbage-first heap   total 262144K, used 9297K [0x00000000e0000000, 0x0000000100000000)
  region size 1024K, 3 young (3072K), 3 survivors (3072K)
 Metaspace       used 10114K, capacity 10278K, committed 10368K, reserved 264192K
  class space    used 1057K, capacity 1107K, committed 1152K, reserved 253952K
}
Event: 30.295 GC heap before
{Heap before GC invocations=1 (full 0):
 garbage-first heap   total 262144K, used 114769K [0x00000000e0000000, 0x0000000100000000)
  region size 1024K, 106 young (108544K), 3 survivors (3072K)
 Metaspace       used 20697K, capacity 21086K, committed 21248K, reserved 272384K
  class space    used 2546K, capacity 2711K, committed 2816K, reserved 253952K
}
Event: 30.312 GC heap after
{Heap after GC invocations=2 (full 0):
 garbage-first heap   total 262144K, used 17257K [0x00000000e0000000, 0x0000000100000000)
  region size 1024K, 11 young (11264K), 11 survivors (11264K)
 Metaspace       used 20697K, capacity 21086K, committed 21248K, reserved 272384K
  class space    used 2546K, capacity 2711K, committed 2816K, reserved 253952K
}
Event: 32.009 GC heap before
{Heap before GC invocations=3 (full 0):
 garbage-first heap   total 262144K, used 65385K [0x00000000e0000000, 0x0000000100000000)
  region size 1024K, 58 young (59392K), 11 survivors (11264K)
 Metaspace       used 25645K, capacity 26201K, committed 26368K, reserved 278528K
  class space    used 3343K, capacity 3549K, committed 3584K, reserved 253952K
}
Event: 32.025 GC heap after
{Heap after GC invocations=4 (full 0):
 garbage-first heap   total 262144K, used 18769K [0x00000000e0000000, 0x0000000100000000)
  region size 1024K, 3 young (3072K), 3 survivors (3072K)
 Metaspace       used 25645K, capacity 26201K, committed 26368K, reserved 278528K
  class space    used 3343K, capacity 3549K, committed 3584K, reserved 253952K
}
Event: 37.197 GC heap before
{Heap before GC invocations=4 (full 0):
 garbage-first heap   total 262144K, used 92497K [0x00000000e0000000, 0x0000000100000000)
  region size 1024K, 76 young (77824K), 3 survivors (3072K)
 Metaspace       used 34888K, capacity 35737K, committed 35840K, reserved 286720K
  class space    used 4547K, capacity 4903K, committed 4992K, reserved 253952K
}
Event: 37.222 GC heap after
{Heap after GC invocations=5 (full 0):
 garbage-first heap   total 262144K, used 21737K [0x00000000e0000000, 0x0000000100000000)
  region size 1024K, 6 young (6144K), 6 survivors (6144K)
 Metaspace       used 34888K, capacity 35737K, committed 35840K, reserved 286720K
  class space    used 4547K, capacity 4903K, committed 4992K, reserved 253952K
}
Event: 40.762 GC heap before
{Heap before GC invocations=6 (full 0):
 garbage-first heap   total 262144K, used 140521K [0x00000000e0000000, 0x0000000100000000)
  region size 1024K, 119 young (121856K), 6 survivors (6144K)
 Metaspace       used 45434K, capacity 46504K, committed 46720K, reserved 294912K
  class space    used 5855K, capacity 6265K, committed 6272K, reserved 253952K
}
Event: 40.796 GC heap after
{Heap after GC invocations=7 (full 0):
 garbage-first heap   total 262144K, used 30327K [0x00000000e0000000, 0x0000000100000000)
  region size 1024K, 14 young (14336K), 14 survivors (14336K)
 Metaspace       used 45434K, capacity 46504K, committed 46720K, reserved 294912K
  class space    used 5855K, capacity 6265K, committed 6272K, reserved 253952K
}

